<?xml version="1.0" encoding="utf-8"?><testsuites><testsuite errors="0" failures="0" hostname="PC70601" name="pytest" skipped="0" tests="46" time="7.163" timestamp="2019-12-22T06:16:48.583991"><testcase classname="tests.test_platform" file="tests\test_platform.py" line="5" name="test_64bit" time="0.004"></testcase><testcase classname="tests.test_platform" file="tests\test_platform.py" line="10" name="test_python_version" time="0.000"></testcase><testcase classname="tests.gallery.test_gallery" file="tests\gallery\test_gallery.py" line="11" name="test_gallery_button" time="0.198"></testcase><testcase classname="tests.src.test_core_services" file="tests\src\test_core_services.py" line="5" name="test_module_to_github_url" time="0.005"></testcase><testcase classname="tests.src.page.test_gallery" file="tests\src\page\test_gallery.py" line="13" name="test_gallery" time="0.100"></testcase><testcase classname="tests.src.page.test_pages" file="tests\src\page\test_pages.py" line="10" name="test_home" time="0.085"></testcase><testcase classname="tests.src.page.test_pages" file="tests\src\page\test_pages.py" line="18" name="test_resources" time="0.068"></testcase><testcase classname="package.tests.test_bootstrap_dashboard" file="package\tests\test_bootstrap_dashboard.py" line="5" name="test_app_attributes" time="0.058"></testcase><testcase classname="package.tests.test_bootstrap_dashboard" file="package\tests\test_bootstrap_dashboard.py" line="18" name="test_app_with_content" time="0.053"></testcase><testcase classname="package.tests.test_browserurl" file="package\tests\test_browserurl.py" line="16" name="test_url" time="0.004"></testcase><testcase classname="package.tests.test_browserurl" file="package\tests\test_browserurl.py" line="29" name="test_pn_url" time="0.021"></testcase><testcase classname="package.tests.test_fontawesome" file="package\tests\test_fontawesome.py" line="11" name="test_get_fontawesome_panel_express_css" time="0.389"></testcase><testcase classname="package.tests.test_fontawesome" file="package\tests\test_fontawesome.py" line="24" name="test__to_fontawesome_panel_express_css[.fa-bus:before{content:&quot;\\f207&quot;}.fa-bus-alt:before{content:&quot;\\f55e&quot;}-div.bk.pa-bus div.bk *::before{content:&quot;\\f207&quot;}\ndiv.bk.pa-bus-alt div.bk *::before{content:&quot;\\f55e&quot;}]" time="0.001"></testcase><testcase classname="package.tests.test_navigation" file="package\tests\test_navigation.py" line="7" name="test_pn_navigation_button" time="0.008"></testcase><testcase classname="package.tests.test_navigation" file="package\tests\test_navigation.py" line="34" name="test_pn_navigation" time="0.019"></testcase><testcase classname="package.tests.test_navigation" file="package\tests\test_navigation.py" line="54" name="test_pn_navigation_with_font_awesome" time="0.027"></testcase><testcase classname="package.tests.core.test_app" file="package\tests\core\test_app.py" line="7" name="test_title_awesome" time="0.006"></testcase><testcase classname="package.tests.core.test_services" file="package\tests\core\test_services.py" line="4" name="test_module_to_github_url" time="0.001"></testcase><testcase classname="package.tests.shared.test_models" file="package\tests\shared\test_models.py" line="37" name="test_tag__init__" time="0.003"></testcase><testcase classname="package.tests.shared.test_models" file="package\tests\shared\test_models.py" line="42" name="test_tag__str__" time="0.001"></testcase><testcase classname="package.tests.shared.test_models" file="package\tests\shared\test_models.py" line="47" name="test_author__init__" time="0.001"></testcase><testcase classname="package.tests.shared.test_models" file="package\tests\shared\test_models.py" line="55" name="test_author__str__" time="0.002"></testcase><testcase classname="package.tests.shared.test_models" file="package\tests\shared\test_models.py" line="60" name="test_resource__init__" time="0.004"></testcase><testcase classname="package.tests.shared.test_models" file="package\tests\shared\test_models.py" line="70" name="test_resource__str__" time="0.005"></testcase><testcase classname="package.tests.shared.test_models" file="package\tests\shared\test_models.py" line="75" name="test_resource_to_markdown_bullet" time="0.003"></testcase><testcase classname="package.tests.shared.test_models" file="package\tests\shared\test_models.py" line="83" name="test_screenshot_file" time="0.002"></testcase><testcase classname="package.tests.shared.test_models" file="package\tests\shared\test_models.py" line="91" name="test_author_to_html" time="0.001"></testcase><testcase classname="src.pages.gallery.awesome_panel_express_tests.test_bootstrap_alerts" file="src\pages\gallery\awesome_panel_express_tests\test_bootstrap_alerts.py" line="19" name="test_info_alert" time="0.089"></testcase><testcase classname="src.pages.gallery.awesome_panel_express_tests.test_bootstrap_alerts" file="src\pages\gallery\awesome_panel_express_tests\test_bootstrap_alerts.py" line="30" name="test_warning_alert" time="0.028"></testcase><testcase classname="src.pages.gallery.awesome_panel_express_tests.test_bootstrap_alerts" file="src\pages\gallery\awesome_panel_express_tests\test_bootstrap_alerts.py" line="43" name="test_error_alert" time="0.013"></testcase><testcase classname="src.pages.gallery.awesome_panel_express_tests.test_bootstrap_alerts" file="src\pages\gallery\awesome_panel_express_tests\test_bootstrap_alerts.py" line="56" name="test_info_alert_height_problem" time="0.021"></testcase><testcase classname="src.pages.gallery.awesome_panel_express_tests.test_code" file="src\pages\gallery\awesome_panel_express_tests\test_code.py" line="14" name="test_code" time="0.131"></testcase><testcase classname="src.pages.gallery.awesome_panel_express_tests.test_divider" file="src\pages\gallery\awesome_panel_express_tests\test_divider.py" line="7" name="test_divider" time="0.018"></testcase><testcase classname="src.pages.gallery.awesome_panel_express_tests.test_fontawesome" file="src\pages\gallery\awesome_panel_express_tests\test_fontawesome.py" line="13" name="test_html_with_font_awesome" time="0.009"></testcase><testcase classname="src.pages.gallery.awesome_panel_express_tests.test_fontawesome" file="src\pages\gallery\awesome_panel_express_tests\test_fontawesome.py" line="28" name="test_button_with_font_awesome" time="0.009"></testcase><testcase classname="src.pages.gallery.awesome_panel_express_tests.test_headings" file="src\pages\gallery\awesome_panel_express_tests\test_headings.py" line="8" name="test_headings" time="0.010"></testcase><testcase classname="src.pages.gallery.awesome_panel_express_tests.test_headings" file="src\pages\gallery\awesome_panel_express_tests\test_headings.py" line="26" name="test_title_centered_white" time="0.006"></testcase><testcase classname="src.pages.gallery.awesome_panel_express_tests.test_headings" file="src\pages\gallery\awesome_panel_express_tests\test_headings.py" line="38" name="test_with_url" time="0.007"></testcase><testcase classname="src.pages.gallery.awesome_panel_express_tests.test_markdown" file="src\pages\gallery\awesome_panel_express_tests\test_markdown.py" line="22" name="test_markdown" time="0.012"></testcase><testcase classname="src.pages.gallery.awesome_panel_express_tests.test_markdown" file="src\pages\gallery\awesome_panel_express_tests\test_markdown.py" line="38" name="test_markdown_from_file" time="0.019"></testcase><testcase classname="src.pages.gallery.awesome_panel_express_tests.test_markdown" file="src\pages\gallery\awesome_panel_express_tests\test_markdown.py" line="49" name="test_markdown_indendation" time="0.010"></testcase><testcase classname="src.pages.gallery.awesome_panel_express_tests.test_markdown" file="src\pages\gallery\awesome_panel_express_tests\test_markdown.py" line="57" name="test_markdown_code_block" time="0.012"></testcase><testcase classname="src.pages.gallery.awesome_panel_express_tests.test_spinners" file="src\pages\gallery\awesome_panel_express_tests\test_spinners.py" line="16" name="test_default_spinner" time="0.010"></testcase><testcase classname="src.pages.gallery.awesome_panel_express_tests.test_spinners" file="src\pages\gallery\awesome_panel_express_tests\test_spinners.py" line="22" name="test_all_spinners" time="0.012"></testcase><testcase classname="src.pages.gallery.awesome_panel_express_tests.test_spinners" file="src\pages\gallery\awesome_panel_express_tests\test_spinners.py" line="28" name="test_spinner_while_python_executing" time="0.011"></testcase><testcase classname="src.pages.gallery.awesome_panel_express_tests.test_spinners" file="src\pages\gallery\awesome_panel_express_tests\test_spinners.py" line="48" name="test_spinner_can_be_centered" time="0.023"></testcase></testsuite></testsuites>